SET client_min_messages TO warning;
DROP EXTENSION IF EXISTS pg_zerialize CASCADE;
CREATE EXTENSION pg_zerialize VERSION '1.1';
SELECT extversion = '1.1' AS starts_at_1_1
FROM pg_extension
WHERE extname = 'pg_zerialize';
 starts_at_1_1 
---------------
 t
(1 row)

ALTER EXTENSION pg_zerialize UPDATE TO '1.2';
SELECT extversion = '1.2' AS upgraded_to_1_2
FROM pg_extension
WHERE extname = 'pg_zerialize';
 upgraded_to_1_2 
-----------------
 t
(1 row)

SELECT to_regprocedure('msgpack_from_jsonb(jsonb)') IS NOT NULL AS nested_api_present;
 nested_api_present 
--------------------
 t
(1 row)

SELECT to_regprocedure('msgpack_build_object("any")') IS NOT NULL AS object_builder_present;
 object_builder_present 
------------------------
 t
(1 row)

SELECT row_to_msgpack(ROW(1, 'upgrade-ok')) IS NOT NULL AS serialization_works;
 serialization_works 
---------------------
 t
(1 row)

ALTER EXTENSION pg_zerialize UPDATE TO '1.3';
SELECT extversion = '1.3' AS upgraded_to_1_3
FROM pg_extension
WHERE extname = 'pg_zerialize';
 upgraded_to_1_3 
-----------------
 t
(1 row)

SELECT to_regprocedure('msgpack_to_jsonb(bytea)') IS NOT NULL AS decoder_present;
 decoder_present 
-----------------
 t
(1 row)

SELECT msgpack_to_jsonb(msgpack_from_jsonb('{"upgrade":true}'::jsonb)) =
       '{"upgrade":true}'::jsonb AS decoder_works;
 decoder_works 
---------------
 t
(1 row)

DROP EXTENSION pg_zerialize;
